c:\2repositories\git\swcgit\ostseeclient\ostseeclient\x64\debug\vc143.pdb
c:\2repositories\git\swcgit\ostseeclient\ostseeclient\x64\debug\vc143.idb
c:\2repositories\git\swcgit\ostseeclient\ostseeclient\x64\debug\transpositiontable.obj
c:\2repositories\git\swcgit\ostseeclient\ostseeclient\x64\debug\parser.obj
c:\2repositories\git\swcgit\ostseeclient\ostseeclient\x64\debug\ostseeclient.obj
c:\2repositories\git\swcgit\ostseeclient\ostseeclient\x64\debug\network.obj
c:\2repositories\git\swcgit\ostseeclient\ostseeclient\x64\debug\gamestate.obj
c:\2repositories\git\swcgit\ostseeclient\ostseeclient\x64\debug\evaluation.obj
c:\2repositories\git\swcgit\ostseeclient\ostseeclient\x64\debug\alphabeta.obj
c:\2repositories\git\swcgit\ostseeclient\x64\debug\ostseeclient.exe
c:\2repositories\git\swcgit\ostseeclient\x64\debug\ostseeclient.pdb
c:\2repositories\git\swcgit\ostseeclient\ostseeclient\x64\debug\ostseeclient.ilk
c:\2repositories\git\swcgit\ostseeclient\ostseeclient\x64\debug\ostseeclient.tlog\cl.command.1.tlog
c:\2repositories\git\swcgit\ostseeclient\ostseeclient\x64\debug\ostseeclient.tlog\cl.items.tlog
c:\2repositories\git\swcgit\ostseeclient\ostseeclient\x64\debug\ostseeclient.tlog\cl.read.1.tlog
c:\2repositories\git\swcgit\ostseeclient\ostseeclient\x64\debug\ostseeclient.tlog\cl.write.1.tlog
c:\2repositories\git\swcgit\ostseeclient\ostseeclient\x64\debug\ostseeclient.tlog\link.command.1.tlog
c:\2repositories\git\swcgit\ostseeclient\ostseeclient\x64\debug\ostseeclient.tlog\link.read.1.tlog
c:\2repositories\git\swcgit\ostseeclient\ostseeclient\x64\debug\ostseeclient.tlog\link.secondary.1.tlog
c:\2repositories\git\swcgit\ostseeclient\ostseeclient\x64\debug\ostseeclient.tlog\link.write.1.tlog
